Ceny, hledani:
Nejvyssi zisk: 82 (5 - 6)
Nejvyssi ztrata: 78 (4 - 5)
Nejvyssi zisk: 82 (5 - 6)
Nejvyssi ztrata: 78 (4 - 5)
Nejvyssi zisk: 89 (5 - 8)
Nejvyssi ztrata: 78 (4 - 5)
Nejvyssi zisk: 89 (5 - 8)
Nejvyssi ztrata: 78 (4 - 5)
Nejvyssi zisk: 89 (5 - 8)
Nejvyssi ztrata: 78 (4 - 5)
Nejvyssi zisk: 45 (12 - 13)
Nejvyssi ztrata: 51 (8 - 12)
Nejvyssi zisk: 89 (5 - 8)
Nejvyssi ztrata: 75 (8 - 16)
Nejvyssi zisk: 45 (12 - 13)
Nejvyssi ztrata: 40 (10 - 12)
Nejvyssi zisk: 89 (5 - 8)
Nejvyssi ztrata: 75 (8 - 16)
Nejvyssi zisk: 37 (7 - 8)
Nejvyssi ztrata: 18 (8 - 9)
Nejvyssi zisk: N/A
Nejvyssi ztrata: N/A
Nejvyssi zisk: 45 (12 - 13)
Nejvyssi ztrata: 90 (8 - 19)
Nejvyssi zisk: 45 (12 - 13)
Nejvyssi ztrata: 40 (10 - 12)
Nejvyssi zisk: 89 (5 - 8)
Nejvyssi ztrata: 78 (4 - 5)
Nejvyssi zisk: N/A
Nejvyssi ztrata: N/A
Nejvyssi zisk: 69 (3 - 4)
Nejvyssi ztrata: 59 (0 - 3)
Nejvyssi zisk: N/A
Nejvyssi ztrata: 8 (0 - 1)
Nejvyssi zisk: N/A
Nejvyssi ztrata: N/A
Nejvyssi zisk: N/A
Nejvyssi ztrata: 1 (15 - 16)
Nejvyssi zisk: N/A
Nejvyssi ztrata: N/A
Nejvyssi zisk: 89 (5 - 8)
Nejvyssi ztrata: 78 (4 - 5)
Nejvyssi zisk: N/A
Nejvyssi ztrata: N/A
Nejvyssi zisk: 37 (7 - 8)
Nejvyssi ztrata: N/A
Nejvyssi zisk: N/A
Nejvyssi ztrata: N/A
Nejvyssi zisk: 69 (3 - 4)
Nejvyssi ztrata: 51 (1 - 3)
Nejvyssi zisk: N/A
Nejvyssi ztrata: N/A
Nejvyssi zisk: 89 (5 - 8)
Nejvyssi ztrata: 78 (4 - 5)
Nejvyssi zisk: 89 (5 - 8)
Nejvyssi ztrata: 78 (4 - 5)
Nejvyssi zisk: 37 (7 - 8)
Nejvyssi ztrata: 18 (8 - 9)
Nejvyssi zisk: 45 (12 - 13)
Nejvyssi ztrata: 69 (13 - 16)
Nejvyssi zisk: N/A
Nejvyssi ztrata: 26 (13 - 14)
Nejvyssi zisk: 37 (7 - 8)
Nejvyssi ztrata: 18 (8 - 9)
Nejvyssi zisk: 89 (5 - 8)
Nejvyssi ztrata: 78 (4 - 5)
Nejvyssi zisk: N/A
Nejvyssi ztrata: N/A
Nejvyssi zisk: N/A
Nejvyssi ztrata: N/A
Nejvyssi zisk: N/A
Nejvyssi ztrata: N/A
Nejvyssi zisk: N/A
Nejvyssi ztrata: N/A
Nejvyssi zisk: N/A
Nejvyssi ztrata: N/A
Nejvyssi zisk: 45 (12 - 13)
Nejvyssi ztrata: 51 (8 - 12)
Nejvyssi zisk: N/A
Nejvyssi ztrata: N/A
Nejvyssi zisk: 82 (5 - 6)
Nejvyssi ztrata: 78 (4 - 5)
Nejvyssi zisk: 89 (5 - 8)
Nejvyssi ztrata: 78 (4 - 5)
Nejvyssi zisk: 89 (5 - 8)
Nejvyssi ztrata: 78 (4 - 5)
Nejvyssi zisk: 89 (5 - 8)
Nejvyssi ztrata: 78 (4 - 5)
Nejvyssi zisk: 45 (12 - 13)
Nejvyssi ztrata: 40 (11 - 12)
Nejvyssi zisk: N/A
Nejvyssi ztrata: 51 (1 - 3)
Nejvyssi zisk: 69 (3 - 4)
Nejvyssi ztrata: N/A
Nejvyssi zisk: 69 (3 - 4)
Nejvyssi ztrata: 78 (4 - 5)
Nejvyssi zisk: 82 (5 - 6)
Nejvyssi ztrata: 78 (4 - 5)
Nejvyssi zisk: N/A
Nejvyssi ztrata: N/A
Nejvyssi zisk: N/A
Nejvyssi ztrata: 59 (0 - 3)
Nejvyssi zisk: 89 (5 - 8)
Nejvyssi ztrata: 78 (4 - 5)
Nejvyssi zisk: 82 (5 - 6)
Nejvyssi ztrata: 78 (4 - 5)
Nejvyssi zisk: 89 (5 - 8)
Nejvyssi ztrata: 30 (6 - 7)
Nejvyssi zisk: 69 (3 - 4)
Nejvyssi ztrata: N/A
Nejvyssi zisk: N/A
Nejvyssi ztrata: N/A
Nejvyssi zisk: 89 (5 - 8)
Nejvyssi ztrata: 78 (4 - 5)
Nejvyssi zisk: 89 (5 - 8)
Nejvyssi ztrata: 78 (4 - 5)
Nejvyssi zisk: 45 (12 - 13)
Nejvyssi ztrata: 26 (13 - 14)
Nejvyssi zisk: N/A
Nejvyssi ztrata: 68 (13 - 15)
Nejvyssi zisk: N/A
Nejvyssi ztrata: 56 (0 - 2)
Nejvyssi zisk: N/A
Nejvyssi ztrata: N/A
Nejvyssi zisk: N/A
Nejvyssi ztrata: N/A
Nejvyssi zisk: 89 (5 - 8)
Nejvyssi ztrata: 30 (6 - 7)
Nejvyssi zisk: N/A
Nejvyssi ztrata: N/A
Nejvyssi zisk: N/A
Nejvyssi ztrata: N/A
Nejvyssi zisk: 89 (5 - 8)
Nejvyssi ztrata: 78 (4 - 5)
Nejvyssi zisk: N/A
Nejvyssi ztrata: N/A
Nejvyssi zisk: N/A
Nejvyssi ztrata: N/A
Nejvyssi zisk: N/A
Nejvyssi ztrata: 8 (0 - 1)
Nejvyssi zisk: N/A
Nejvyssi ztrata: N/A
Nejvyssi zisk: 89 (5 - 8)
Nejvyssi ztrata: 78 (4 - 5)
Nejvyssi zisk: N/A
Nejvyssi ztrata: N/A
Nejvyssi zisk: N/A
Nejvyssi ztrata: N/A
Nejvyssi zisk: N/A
Nejvyssi ztrata: N/A
Nejvyssi zisk: N/A
Nejvyssi ztrata: N/A
Nejvyssi zisk: N/A
Nejvyssi ztrata: N/A
Nejvyssi zisk: N/A
Nejvyssi ztrata: N/A
Nejvyssi zisk: N/A
Nejvyssi ztrata: N/A
Nejvyssi zisk: N/A
Nejvyssi ztrata: N/A
Nejvyssi zisk: N/A
Nejvyssi ztrata: N/A
Nejvyssi zisk: 69 (3 - 4)
Nejvyssi ztrata: 3 (2 - 3)
Nejvyssi zisk: N/A
Nejvyssi ztrata: 59 (0 - 3)
Nejvyssi zisk: 89 (5 - 8)
Nejvyssi ztrata: 78 (4 - 5)
Nejvyssi zisk: 89 (5 - 8)
Nejvyssi ztrata: 78 (4 - 5)
Nejvyssi zisk: 89 (5 - 8)
Nejvyssi ztrata: 78 (4 - 5)
Nejvyssi zisk: 45 (12 - 13)
Nejvyssi ztrata: 69 (13 - 16)
Nejvyssi zisk: N/A
Nejvyssi ztrata: 1 (15 - 16)
Nejvyssi zisk: N/A
Nejvyssi ztrata: 8 (0 - 1)
Nejvyssi zisk: 69 (3 - 4)
Nejvyssi ztrata: 78 (4 - 5)
Nejvyssi zisk: 82 (5 - 6)
Nejvyssi ztrata: N/A
Nejvyssi zisk: 89 (5 - 8)
Nejvyssi ztrata: 78 (4 - 5)
Nejvyssi zisk: 89 (5 - 8)
Nejvyssi ztrata: 78 (4 - 5)
Nejvyssi zisk: N/A
Nejvyssi ztrata: 8 (0 - 1)
Nejvyssi zisk: 69 (3 - 4)
Nejvyssi ztrata: 78 (4 - 5)
Nejvyssi zisk: 82 (5 - 6)
Nejvyssi ztrata: 78 (4 - 5)
Nejvyssi zisk: N/A
Nejvyssi ztrata: N/A
Nejvyssi zisk: 69 (3 - 4)
Nejvyssi ztrata: N/A
Nejvyssi zisk: N/A
Nejvyssi ztrata: 3 (2 - 3)
Nejvyssi zisk: N/A
Nejvyssi ztrata: N/A
Nejvyssi zisk: N/A
Nejvyssi ztrata: 59 (0 - 3)
Nejvyssi zisk: N/A
Nejvyssi ztrata: N/A
Nejvyssi zisk: N/A
Nejvyssi ztrata: 51 (1 - 3)
Nejvyssi zisk: N/A
Nejvyssi ztrata: N/A
Nejvyssi zisk: 7 (9 - 10)
Nejvyssi ztrata: N/A
Nejvyssi zisk: 7 (9 - 10)
Nejvyssi ztrata: 51 (8 - 12)
Nejvyssi zisk: 89 (5 - 8)
Nejvyssi ztrata: 30 (6 - 7)
Nejvyssi zisk: 89 (5 - 8)
Nejvyssi ztrata: 78 (4 - 5)
Nejvyssi zisk: 89 (5 - 8)
Nejvyssi ztrata: 78 (4 - 5)
Nejvyssi zisk: N/A
Nejvyssi ztrata: N/A
Nejvyssi zisk: N/A
Nejvyssi ztrata: 51 (1 - 3)
Nejvyssi zisk: N/A
Nejvyssi ztrata: N/A
Nejvyssi zisk: N/A
Nejvyssi ztrata: N/A
Nejvyssi zisk: N/A
Nejvyssi ztrata: 59 (0 - 3)
Nejvyssi zisk: 69 (3 - 4)
Nejvyssi ztrata: 78 (4 - 5)
Nejvyssi zisk: N/A
Nejvyssi ztrata: N/A
Nejvyssi zisk: N/A
Nejvyssi ztrata: 56 (0 - 2)
Nejvyssi zisk: N/A
Nejvyssi ztrata: 8 (0 - 1)
Nejvyssi zisk: N/A
Nejvyssi ztrata: 48 (1 - 2)
Nejvyssi zisk: N/A
Nejvyssi ztrata: N/A
Nejvyssi zisk: N/A
Nejvyssi ztrata: N/A
Nejvyssi zisk: 89 (5 - 8)
Nejvyssi ztrata: 78 (4 - 5)
Nejvyssi zisk: 7 (9 - 10)
Nejvyssi ztrata: 18 (8 - 9)
Nejvyssi zisk: N/A
Nejvyssi ztrata: N/A
Nejvyssi zisk: N/A
Nejvyssi ztrata: N/A
Nejvyssi zisk: 45 (12 - 13)
Nejvyssi ztrata: N/A
Nejvyssi zisk: 82 (5 - 6)
Nejvyssi ztrata: 78 (4 - 5)
Nejvyssi zisk: N/A
Nejvyssi ztrata: N/A
Nejvyssi zisk: 45 (12 - 13)
Nejvyssi ztrata: 51 (8 - 12)
Nejvyssi zisk: 45 (12 - 13)
Nejvyssi ztrata: 40 (10 - 12)
Nejvyssi zisk: N/A
Nejvyssi ztrata: N/A
Nejvyssi zisk: N/A
Nejvyssi ztrata: N/A
Nejvyssi zisk: N/A
Nejvyssi ztrata: 68 (13 - 15)
Nejvyssi zisk: N/A
Nejvyssi ztrata: N/A
Nejvyssi zisk: N/A
Nejvyssi ztrata: N/A
Nejvyssi zisk: 82 (5 - 6)
Nejvyssi ztrata: 78 (4 - 5)
Nejvyssi zisk: 69 (3 - 4)
Nejvyssi ztrata: N/A
Nejvyssi zisk: 69 (3 - 4)
Nejvyssi ztrata: 78 (4 - 5)
Nejvyssi zisk: N/A
Nejvyssi ztrata: N/A
Nejvyssi zisk: N/A
Nejvyssi ztrata: 59 (0 - 3)
Nejvyssi zisk: 45 (12 - 13)
Nejvyssi ztrata: 74 (8 - 15)
Nejvyssi zisk: N/A
Nejvyssi ztrata: N/A
Nejvyssi zisk: 69 (3 - 4)
Nejvyssi ztrata: 3 (2 - 3)
Nejvyssi zisk: 82 (5 - 6)
Nejvyssi ztrata: 78 (4 - 5)
Nejvyssi zisk: 89 (5 - 8)
Nejvyssi ztrata: 78 (4 - 5)
Nejvyssi zisk: 45 (12 - 13)
Nejvyssi ztrata: 74 (8 - 15)
Nejvyssi zisk: N/A
Nejvyssi ztrata: N/A
Nejvyssi zisk: 69 (3 - 4)
Nejvyssi ztrata: 78 (4 - 5)
Nejvyssi zisk: 89 (5 - 8)
Nejvyssi ztrata: 78 (4 - 5)
Nejvyssi zisk: 89 (5 - 8)
Nejvyssi ztrata: 78 (4 - 5)
Nejvyssi zisk: 37 (7 - 8)
Nejvyssi ztrata: 18 (8 - 9)
Nejvyssi zisk: 89 (5 - 8)
Nejvyssi ztrata: 78 (4 - 5)
Nejvyssi zisk: 89 (5 - 8)
Nejvyssi ztrata: 30 (6 - 7)
Nejvyssi zisk: 82 (5 - 6)
Nejvyssi ztrata: N/A
Nejvyssi zisk: 37 (7 - 8)
Nejvyssi ztrata: 30 (6 - 7)
Nejvyssi zisk: 89 (5 - 8)
Nejvyssi ztrata: 78 (4 - 5)
Nejvyssi zisk: 89 (5 - 8)
Nejvyssi ztrata: 51 (8 - 12)
Nejvyssi zisk: 89 (5 - 8)
Nejvyssi ztrata: 78 (4 - 5)
Nejvyssi zisk: 45 (12 - 13)
Nejvyssi ztrata: 51 (8 - 12)
Nejvyssi zisk: N/A
Nejvyssi ztrata: N/A
Nejvyssi zisk: N/A
Nejvyssi ztrata: 59 (0 - 3)
Nejvyssi zisk: 89 (5 - 8)
Nejvyssi ztrata: 78 (4 - 5)
Nejvyssi zisk: N/A
Nejvyssi ztrata: 40 (10 - 12)
Nejvyssi zisk: 45 (12 - 13)
Nejvyssi ztrata: 51 (8 - 12)
Nejvyssi zisk: N/A
Nejvyssi ztrata: N/A
Nejvyssi zisk: 89 (5 - 8)
Nejvyssi ztrata: 51 (8 - 12)
Nejvyssi zisk: N/A
Nejvyssi ztrata: N/A
Nejvyssi zisk: N/A
Nejvyssi ztrata: N/A
Nejvyssi zisk: N/A
Nejvyssi ztrata: N/A
Nejvyssi zisk: N/A
Nejvyssi ztrata: 8 (0 - 1)
Nejvyssi zisk: 89 (5 - 8)
Nejvyssi ztrata: 78 (4 - 5)
Nejvyssi zisk: 89 (5 - 8)
Nejvyssi ztrata: 78 (4 - 5)
Nejvyssi zisk: N/A
Nejvyssi ztrata: 56 (0 - 2)
Nejvyssi zisk: N/A
Nejvyssi ztrata: N/A
Nejvyssi zisk: N/A
Nejvyssi ztrata: N/A
Nejvyssi zisk: N/A
Nejvyssi ztrata: N/A
Nejvyssi zisk: N/A
Nejvyssi ztrata: 59 (0 - 3)
Nejvyssi zisk: 82 (5 - 6)
Nejvyssi ztrata: 30 (6 - 7)
Nejvyssi zisk: N/A
Nejvyssi ztrata: 3 (2 - 3)
