Nejlevnejsi: 210790
* (1, 15)
Nejlevnejsi: 67095
* (20, 8)
Nejlevnejsi: 99736
* (20, 7)
Nejlevnejsi: 74656
* (24, 10)
Nejlevnejsi: 99736
* (20, 7)
Nejlevnejsi: 245974
* (8, 5)
Nejlevnejsi: 238697
* (1, 8)
Nejlevnejsi: 150511
* (3, 20)
Nejlevnejsi: 1168
* (42, 43)
Nejlevnejsi: 155
* (60, 39)
Nejlevnejsi: 260132
* (1, 5)
Nejlevnejsi: 306092
* (1, 3)
Nejlevnejsi: 144915
* (4, 1)
Nejlevnejsi: 1
* (0, 2)
* (0, 51)
* (1, 46)
* (1, 49)
* (2, 1)
* (4, 59)
* (6, 52)
* (8, 39)
* (9, 18)
* (10, 5)
* (11, 20)
* (11, 23)
* (13, 54)
* (13, 79)
* (17, 2)
* (20, 50)
* (21, 58)
* (24, 22)
* (25, 23)
* (27, 21)
* (29, 74)
* (30, 31)
* (30, 38)
* (30, 72)
* (31, 78)
* (33, 22)
* (33, 29)
* (34, 27)
* (34, 51)
* (36, 48)
* (37, 4)
* (37, 41)
* (37, 42)
* (37, 65)
* (40, 76)
* (41, 79)
* (42, 80)
* (43, 15)
* (43, 45)
* (43, 80)
* (44, 57)
* (46, 71)
* (51, 8)
* (53, 70)
* (57, 30)
* (58, 62)
* (61, 34)
* (62, 32)
* (62, 50)
* (63, 32)
* (63, 81)
* (64, 34)
* (68, 16)
* (69, 44)
* (70, 26)
* (71, 48)
* (73, 11)
* (74, 29)
* (74, 44)
* (74, 69)
* (75, 77)
* (76, 70)
* (77, 9)
* (78, 64)
* (80, 0)
* (80, 60)
* (81, 59)
* (82, 68)
* (86, 49)
* (87, 43)
* (88, 13)
* (89, 39)
* (91, 44)
* (91, 73)
* (94, 52)
Nejlevnejsi: 32542
* (24, 27)
Nejlevnejsi: 232114
* (1, 7)
Nejlevnejsi: 108765
* (1, 33)
Nejlevnejsi: 3978
* (43, 44)
Nejlevnejsi: 46744
* (19, 23)
* (19, 24)
Nejlevnejsi: 27476
* (26, 33)
