Nejlevnejsi: -10
* (2, 0)
* (2, 3)
* (3, 4)
* (3, 8)
* (4, 3)
* (7, 6)
* (8, 1)
* (8, 5)
Nejlevnejsi: -7
* (2, 1)
* (3, 1)
Nejlevnejsi: 3
* (1, 0)
Nejlevnejsi: -38
* (6, 4)
Nejlevnejsi: 34
* (0, 0)
Nejlevnejsi: -11
* (2, 0)
Nejlevnejsi: -10
* (2, 0)
* (2, 3)
* (3, 4)
* (3, 8)
* (4, 3)
* (7, 6)
* (8, 1)
* (8, 5)
Nejlevnejsi: -18
* (4, 0)
Nejlevnejsi: -10
* (2, 0)
* (2, 3)
* (3, 4)
* (3, 8)
* (4, 3)
* (7, 6)
* (8, 1)
* (8, 5)
Nejlevnejsi: -24
* (8, 4)
Nejlevnejsi: -26
* (5, 0)
Nejlevnejsi: 3
* (1, 0)
Nejlevnejsi: -24
* (8, 4)
Nejlevnejsi: -35
* (6, 5)
Nejlevnejsi: -26
* (5, 0)
Nejlevnejsi: 3
* (1, 0)
Nejlevnejsi: -35
* (6, 5)
Nejlevnejsi: -35
* (6, 5)
Nejlevnejsi: 3
* (1, 0)
Nejlevnejsi: 34
* (0, 0)
Nejlevnejsi: -18
* (4, 0)
Nejlevnejsi: -11
* (2, 0)
Nejlevnejsi: 34
* (0, 0)
Nejlevnejsi: 3
* (1, 0)
Nejlevnejsi: -11
* (2, 0)
Nejlevnejsi: -7
* (2, 1)
* (3, 1)
Nejlevnejsi: -38
* (6, 4)
Nejlevnejsi: 3
* (1, 0)
Nejlevnejsi: -18
* (4, 0)
Nejlevnejsi: 3
* (1, 0)
Nejlevnejsi: -24
* (8, 4)
Nejlevnejsi: 34
* (0, 0)
Nejlevnejsi: -18
* (4, 0)
Nejlevnejsi: 3
* (1, 0)
Nejlevnejsi: -11
* (2, 0)
Nejlevnejsi: -10
* (2, 0)
* (2, 3)
* (3, 4)
* (3, 8)
* (4, 3)
* (7, 6)
* (8, 1)
* (8, 5)
Nejlevnejsi: -10
* (2, 0)
* (2, 3)
* (3, 4)
* (3, 8)
* (4, 3)
* (7, 6)
* (8, 1)
* (8, 5)
Nejlevnejsi: -11
* (2, 0)
Nejlevnejsi: -10
* (2, 0)
* (2, 3)
* (3, 4)
* (3, 8)
* (4, 3)
* (7, 6)
* (8, 1)
* (8, 5)
Nejlevnejsi: -35
* (6, 5)
Nejlevnejsi: -7
* (2, 1)
* (3, 1)
Nejlevnejsi: -7
* (2, 1)
* (3, 1)
Nejlevnejsi: -24
* (8, 4)
Nejlevnejsi: -18
* (4, 0)
Nejlevnejsi: -18
* (4, 0)
Nejlevnejsi: -10
* (2, 0)
* (2, 3)
* (3, 4)
* (3, 8)
* (4, 3)
* (7, 6)
* (8, 1)
* (8, 5)
Nejlevnejsi: -7
* (2, 1)
* (3, 1)
Nejlevnejsi: -35
* (6, 5)
Nejlevnejsi: 34
* (0, 0)
Nejlevnejsi: -11
* (2, 0)
