Nejlevnejsi: -36
* (2, 6)
Nejlevnejsi: 86
* (0, 0)
Nejlevnejsi: 86
* (0, 0)
Nejlevnejsi: -35
* (1, 5)
Nejlevnejsi: 86
* (0, 0)
Nejlevnejsi: 21
* (0, 0)
Nejlevnejsi: 0
* (0, 0)
Nejlevnejsi: -35
* (1, 5)
Nejlevnejsi: -35
* (1, 5)
Nejlevnejsi: 0
* (0, 0)
Nejlevnejsi: -34
* (0, 4)
Nejlevnejsi: -10
* (2, 7)
* (4, 8)
* (6, 0)
* (6, 5)
Nejlevnejsi: -34
* (0, 4)
Nejlevnejsi: -10
* (2, 7)
* (4, 8)
* (6, 0)
* (6, 5)
Nejlevnejsi: 0
* (0, 0)
Nejlevnejsi: -34
* (0, 4)
Nejlevnejsi: 0
* (0, 0)
Nejlevnejsi: -35
* (1, 5)
Nejlevnejsi: -19
* (2, 3)
Nejlevnejsi: 86
* (0, 0)
Nejlevnejsi: -36
* (2, 6)
Nejlevnejsi: -36
* (2, 6)
Nejlevnejsi: -34
* (0, 4)
Nejlevnejsi: -19
* (0, 3)
Nejlevnejsi: -19
* (2, 3)
Nejlevnejsi: 86
* (0, 0)
Nejlevnejsi: -19
* (0, 3)
Nejlevnejsi: 8
* (0, 2)
Nejlevnejsi: -36
* (2, 6)
Nejlevnejsi: 0
* (0, 0)
Nejlevnejsi: 21
* (0, 0)
Nejlevnejsi: -35
* (1, 5)
Nejlevnejsi: -19
* (0, 3)
Nejlevnejsi: -34
* (0, 4)
Nejlevnejsi: -34
* (0, 4)
Nejlevnejsi: -35
* (1, 5)
Nejlevnejsi: 8
* (0, 2)
Nejlevnejsi: 86
* (0, 0)
Nejlevnejsi: 21
* (0, 0)
Nejlevnejsi: 0
* (0, 0)
Nejlevnejsi: -34
* (0, 4)
Nejlevnejsi: -35
* (1, 5)
Nejlevnejsi: -10
* (2, 7)
* (4, 8)
* (6, 0)
* (6, 5)
Nejlevnejsi: 0
* (0, 0)
Nejlevnejsi: 8
* (0, 2)
Nejlevnejsi: -10
* (2, 7)
* (4, 8)
* (6, 0)
* (6, 5)
Nejlevnejsi: -36
* (2, 6)
Nejlevnejsi: -19
* (0, 3)
Nejlevnejsi: 8
* (0, 2)
Nejlevnejsi: -35
* (1, 5)
Nejlevnejsi: -35
* (1, 5)
Nejlevnejsi: -19
* (2, 3)
Nejlevnejsi: 86
* (0, 0)
Nejlevnejsi: 0
* (0, 0)
Nejlevnejsi: -34
* (0, 4)
Nejlevnejsi: -34
* (0, 4)
Nejlevnejsi: 21
* (0, 0)
Nejlevnejsi: -19
* (0, 3)
Nejlevnejsi: -35
* (1, 5)
Nejlevnejsi: -35
* (1, 5)
Nejlevnejsi: -19
* (2, 3)
Nejlevnejsi: -10
* (2, 7)
* (4, 8)
* (6, 0)
* (6, 5)
Nejlevnejsi: 8
* (0, 2)
Nejlevnejsi: 8
* (0, 2)
Nejlevnejsi: -19
* (0, 3)
Nejlevnejsi: -19
* (0, 3)
Nejlevnejsi: -10
* (2, 7)
* (4, 8)
* (6, 0)
* (6, 5)
Nejlevnejsi: -10
* (2, 7)
* (4, 8)
* (6, 0)
* (6, 5)
Nejlevnejsi: -36
* (2, 6)
Nejlevnejsi: -36
* (2, 6)
Nejlevnejsi: 21
* (0, 0)
Nejlevnejsi: 0
* (0, 0)
Nejlevnejsi: -36
* (2, 6)
Nejlevnejsi: -36
* (2, 6)
Nejlevnejsi: -10
* (2, 7)
* (4, 8)
* (6, 0)
* (6, 5)
Nejlevnejsi: 8
* (0, 2)
Nejlevnejsi: 0
* (0, 0)
Nejlevnejsi: -34
* (0, 4)
Nejlevnejsi: 0
* (0, 0)
Nejlevnejsi: -19
* (0, 3)
Nejlevnejsi: -19
* (2, 3)
Nejlevnejsi: -34
* (0, 4)
Nejlevnejsi: -35
* (1, 5)
Nejlevnejsi: 8
* (0, 2)
Nejlevnejsi: -19
* (2, 3)
Nejlevnejsi: 86
* (0, 0)
Nejlevnejsi: -35
* (1, 5)
Nejlevnejsi: 0
* (0, 0)
Nejlevnejsi: -19
* (0, 3)
Nejlevnejsi: -19
* (2, 3)
Nejlevnejsi: -34
* (0, 4)
Nejlevnejsi: 86
* (0, 0)
Nejlevnejsi: 86
* (0, 0)
Nejlevnejsi: -19
* (2, 3)
Nejlevnejsi: -10
* (2, 7)
* (4, 8)
* (6, 0)
* (6, 5)
Nejlevnejsi: -19
* (2, 3)
Nejlevnejsi: 86
* (0, 0)
Nejlevnejsi: 8
* (0, 2)
Nejlevnejsi: -35
* (1, 5)
Nejlevnejsi: 86
* (0, 0)
