Nejlevnejsi: -48
* (0, 1)
Nejlevnejsi: -37
* (1, 0)
Nejlevnejsi: -51
* (0, 1)
Nejlevnejsi: -51
* (0, 1)
Nejlevnejsi: 50
* (0, 0)
Nejlevnejsi: -51
* (0, 1)
Nejlevnejsi: 42
* (2, 0)
Nejlevnejsi: -12
* (0, 0)
Nejlevnejsi: 50
* (0, 0)
Nejlevnejsi: -12
* (0, 0)
Nejlevnejsi: -28
* (0, 1)
Nejlevnejsi: -28
* (0, 1)
Nejlevnejsi: 50
* (0, 0)
Nejlevnejsi: -48
* (0, 1)
Nejlevnejsi: -51
* (0, 1)
Nejlevnejsi: -48
* (0, 1)
Nejlevnejsi: -48
* (0, 1)
Nejlevnejsi: 42
* (2, 0)
Nejlevnejsi: 50
* (0, 0)
Nejlevnejsi: -12
* (0, 0)
Nejlevnejsi: 42
* (2, 0)
Nejlevnejsi: -28
* (0, 1)
Nejlevnejsi: -10
* (0, 1)
* (1, 1)
* (5, 9)
* (9, 7)
Nejlevnejsi: -28
* (0, 1)
Nejlevnejsi: -37
* (1, 0)
Nejlevnejsi: -55
* (0, 1)
Nejlevnejsi: 27
* (1, 1)
Nejlevnejsi: -55
* (0, 1)
Nejlevnejsi: -28
* (0, 1)
Nejlevnejsi: -48
* (0, 1)
Nejlevnejsi: -37
* (1, 0)
Nejlevnejsi: -37
* (1, 0)
Nejlevnejsi: -48
* (0, 1)
Nejlevnejsi: -37
* (1, 0)
Nejlevnejsi: -55
* (0, 1)
Nejlevnejsi: -51
* (0, 1)
Nejlevnejsi: -10
* (0, 1)
* (1, 1)
* (5, 9)
* (9, 7)
Nejlevnejsi: 42
* (2, 0)
Nejlevnejsi: -55
* (0, 1)
Nejlevnejsi: -51
* (0, 1)
Nejlevnejsi: -55
* (0, 1)
Nejlevnejsi: -10
* (0, 1)
* (1, 1)
* (5, 9)
* (9, 7)
Nejlevnejsi: 42
* (2, 0)
Nejlevnejsi: -37
* (1, 0)
Nejlevnejsi: -12
* (0, 0)
Nejlevnejsi: -51
* (0, 1)
Nejlevnejsi: 50
* (0, 0)
Nejlevnejsi: -48
* (0, 1)
Nejlevnejsi: -28
* (0, 1)
Nejlevnejsi: 27
* (1, 1)
Nejlevnejsi: -12
* (0, 0)
Nejlevnejsi: -10
* (0, 1)
* (1, 1)
* (5, 9)
* (9, 7)
Nejlevnejsi: 27
* (1, 1)
Nejlevnejsi: -12
* (0, 0)
Nejlevnejsi: -55
* (0, 1)
Nejlevnejsi: -48
* (0, 1)
Nejlevnejsi: -51
* (0, 1)
Nejlevnejsi: -51
* (0, 1)
Nejlevnejsi: -12
* (0, 0)
Nejlevnejsi: 42
* (2, 0)
Nejlevnejsi: -12
* (0, 0)
Nejlevnejsi: -37
* (1, 0)
Nejlevnejsi: -10
* (0, 1)
* (1, 1)
* (5, 9)
* (9, 7)
Nejlevnejsi: -37
* (1, 0)
Nejlevnejsi: 42
* (2, 0)
Nejlevnejsi: 27
* (1, 1)
Nejlevnejsi: -37
* (1, 0)
Nejlevnejsi: -48
* (0, 1)
Nejlevnejsi: 50
* (0, 0)
Nejlevnejsi: -55
* (0, 1)
Nejlevnejsi: -48
* (0, 1)
Nejlevnejsi: -12
* (0, 0)
Nejlevnejsi: -55
* (0, 1)
Nejlevnejsi: -10
* (0, 1)
* (1, 1)
* (5, 9)
* (9, 7)
Nejlevnejsi: -48
* (0, 1)
Nejlevnejsi: -10
* (0, 1)
* (1, 1)
* (5, 9)
* (9, 7)
Nejlevnejsi: -48
* (0, 1)
Nejlevnejsi: -51
* (0, 1)
Nejlevnejsi: -48
* (0, 1)
Nejlevnejsi: 42
* (2, 0)
Nejlevnejsi: 42
* (2, 0)
Nejlevnejsi: -37
* (1, 0)
Nejlevnejsi: -12
* (0, 0)
Nejlevnejsi: -37
* (1, 0)
Nejlevnejsi: -51
* (0, 1)
Nejlevnejsi: -48
* (0, 1)
Nejlevnejsi: 50
* (0, 0)
Nejlevnejsi: -10
* (0, 1)
* (1, 1)
* (5, 9)
* (9, 7)
Nejlevnejsi: 27
* (1, 1)
Nejlevnejsi: -48
* (0, 1)
Nejlevnejsi: -51
* (0, 1)
Nejlevnejsi: -12
* (0, 0)
Nejlevnejsi: -48
* (0, 1)
Nejlevnejsi: -28
* (0, 1)
Nejlevnejsi: -10
* (0, 1)
* (1, 1)
* (5, 9)
* (9, 7)
Nejlevnejsi: -51
* (0, 1)
Nejlevnejsi: -10
* (0, 1)
* (1, 1)
* (5, 9)
* (9, 7)
Nejlevnejsi: -37
* (1, 0)
Nejlevnejsi: -28
* (0, 1)
Nejlevnejsi: 50
* (0, 0)
