Nejlevnejsi: -75
* (0, 0)
Nejlevnejsi: -48
* (3, 1)
Nejlevnejsi: -29
* (6, 5)
Nejlevnejsi: -53
* (4, 3)
Nejlevnejsi: -29
* (6, 5)
Nejlevnejsi: -29
* (6, 5)
Nejlevnejsi: -84
* (0, 0)
Nejlevnejsi: -42
* (6, 4)
Nejlevnejsi: -42
* (6, 4)
Nejlevnejsi: -10
* (0, 0)
* (0, 4)
* (1, 2)
* (4, 1)
* (4, 3)
* (4, 7)
* (7, 6)
* (8, 0)
* (9, 0)
Nejlevnejsi: -38
* (0, 0)
Nejlevnejsi: -42
* (6, 4)
Nejlevnejsi: -53
* (4, 1)
Nejlevnejsi: -84
* (0, 0)
Nejlevnejsi: -53
* (4, 3)
Nejlevnejsi: -53
* (4, 1)
Nejlevnejsi: -42
* (6, 4)
Nejlevnejsi: -38
* (0, 0)
Nejlevnejsi: -10
* (0, 0)
* (0, 4)
* (1, 2)
* (4, 1)
* (4, 3)
* (4, 7)
* (7, 6)
* (8, 0)
* (9, 0)
Nejlevnejsi: -53
* (4, 1)
Nejlevnejsi: -53
* (6, 3)
Nejlevnejsi: -48
* (3, 1)
Nejlevnejsi: -75
* (0, 0)
Nejlevnejsi: -53
* (4, 3)
Nejlevnejsi: -29
* (6, 5)
Nejlevnejsi: -42
* (6, 4)
Nejlevnejsi: -53
* (4, 3)
Nejlevnejsi: -10
* (0, 0)
* (0, 4)
* (1, 2)
* (4, 1)
* (4, 3)
* (4, 7)
* (7, 6)
* (8, 0)
* (9, 0)
Nejlevnejsi: -29
* (6, 5)
Nejlevnejsi: -53
* (6, 3)
Nejlevnejsi: -38
* (0, 0)
Nejlevnejsi: -75
* (0, 0)
Nejlevnejsi: -53
* (6, 3)
Nejlevnejsi: -75
* (0, 0)
Nejlevnejsi: -42
* (6, 4)
Nejlevnejsi: -84
* (0, 0)
Nejlevnejsi: -53
* (6, 3)
Nejlevnejsi: -53
* (4, 1)
Nejlevnejsi: -53
* (4, 1)
Nejlevnejsi: -53
* (4, 3)
Nejlevnejsi: -42
* (6, 4)
Nejlevnejsi: -53
* (6, 3)
Nejlevnejsi: -42
* (6, 4)
Nejlevnejsi: -29
* (6, 5)
Nejlevnejsi: -29
* (6, 5)
Nejlevnejsi: -10
* (0, 0)
* (0, 4)
* (1, 2)
* (4, 1)
* (4, 3)
* (4, 7)
* (7, 6)
* (8, 0)
* (9, 0)
Nejlevnejsi: -84
* (0, 0)
Nejlevnejsi: -53
* (4, 3)
Nejlevnejsi: -38
* (0, 0)
Nejlevnejsi: -75
* (0, 0)
Nejlevnejsi: -10
* (0, 0)
* (0, 4)
* (1, 2)
* (4, 1)
* (4, 3)
* (4, 7)
* (7, 6)
* (8, 0)
* (9, 0)
Nejlevnejsi: -53
* (6, 3)
Nejlevnejsi: -75
* (0, 0)
Nejlevnejsi: -38
* (0, 0)
Nejlevnejsi: -48
* (3, 1)
Nejlevnejsi: -42
* (6, 4)
Nejlevnejsi: -53
* (4, 3)
Nejlevnejsi: -75
* (0, 0)
Nejlevnejsi: -75
* (0, 0)
Nejlevnejsi: -29
* (6, 5)
Nejlevnejsi: -29
* (6, 5)
Nejlevnejsi: -53
* (6, 3)
Nejlevnejsi: -75
* (0, 0)
Nejlevnejsi: -38
* (0, 0)
Nejlevnejsi: -75
* (0, 0)
Nejlevnejsi: -53
* (4, 3)
Nejlevnejsi: -42
* (6, 4)
Nejlevnejsi: -42
* (6, 4)
Nejlevnejsi: -42
* (6, 4)
Nejlevnejsi: -48
* (3, 1)
Nejlevnejsi: -84
* (0, 0)
Nejlevnejsi: -48
* (3, 1)
Nejlevnejsi: -42
* (6, 4)
Nejlevnejsi: -38
* (0, 0)
Nejlevnejsi: -53
* (4, 3)
Nejlevnejsi: -53
* (4, 3)
Nejlevnejsi: -75
* (0, 0)
Nejlevnejsi: -53
* (6, 3)
Nejlevnejsi: -75
* (0, 0)
Nejlevnejsi: -48
* (3, 1)
Nejlevnejsi: -42
* (6, 4)
Nejlevnejsi: -48
* (3, 1)
Nejlevnejsi: -42
* (6, 4)
Nejlevnejsi: -84
* (0, 0)
Nejlevnejsi: -10
* (0, 0)
* (0, 4)
* (1, 2)
* (4, 1)
* (4, 3)
* (4, 7)
* (7, 6)
* (8, 0)
* (9, 0)
Nejlevnejsi: -75
* (0, 0)
Nejlevnejsi: -29
* (6, 5)
Nejlevnejsi: -10
* (0, 0)
* (0, 4)
* (1, 2)
* (4, 1)
* (4, 3)
* (4, 7)
* (7, 6)
* (8, 0)
* (9, 0)
Nejlevnejsi: -42
* (6, 4)
Nejlevnejsi: -75
* (0, 0)
Nejlevnejsi: -53
* (6, 3)
Nejlevnejsi: -38
* (0, 0)
Nejlevnejsi: -42
* (6, 4)
Nejlevnejsi: -75
* (0, 0)
Nejlevnejsi: -42
* (6, 4)
Nejlevnejsi: -75
* (0, 0)
Nejlevnejsi: -38
* (0, 0)
Nejlevnejsi: -10
* (0, 0)
* (0, 4)
* (1, 2)
* (4, 1)
* (4, 3)
* (4, 7)
* (7, 6)
* (8, 0)
* (9, 0)
Nejlevnejsi: -53
* (6, 3)
Nejlevnejsi: -10
* (0, 0)
* (0, 4)
* (1, 2)
* (4, 1)
* (4, 3)
* (4, 7)
* (7, 6)
* (8, 0)
* (9, 0)
