Nejlevnejsi: -947
* (13, 32)
Nejlevnejsi: -880
* (43, 42)
Nejlevnejsi: -761
* (5, 4)
Nejlevnejsi: -766
* (3, 20)
Nejlevnejsi: -700
* (6, 20)
Nejlevnejsi: -787
* (41, 41)
Nejlevnejsi: -349
* (1, 64)
Nejlevnejsi: -851
* (5, 46)
Nejlevnejsi: -259
* (5, 65)
Nejlevnejsi: -814
* (7, 6)
Nejlevnejsi: -514
* (44, 46)
Nejlevnejsi: -743
* (13, 15)
Nejlevnejsi: -661
* (2, 2)
Nejlevnejsi: -259
* (5, 65)
Nejlevnejsi: -686
* (3, 2)
Nejlevnejsi: -193
* (2, 67)
Nejlevnejsi: -563
* (1, 1)
Nejlevnejsi: -947
* (13, 30)
Nejlevnejsi: -753
* (13, 11)
Nejlevnejsi: -827
* (13, 12)
Nejlevnejsi: -886
* (42, 42)
Nejlevnejsi: -661
* (2, 2)
Nejlevnejsi: -761
* (5, 4)
Nejlevnejsi: -171
* (45, 44)
Nejlevnejsi: -397
* (14, 34)
Nejlevnejsi: -862
* (5, 34)
Nejlevnejsi: -417
* (43, 46)
Nejlevnejsi: -397
* (14, 34)
Nejlevnejsi: -357
* (72, 60)
Nejlevnejsi: -814
* (7, 6)
Nejlevnejsi: -634
* (13, 47)
Nejlevnejsi: -38
* (57, 6)
Nejlevnejsi: -855
* (5, 25)
Nejlevnejsi: -787
* (41, 41)
Nejlevnejsi: -729
* (14, 19)
Nejlevnejsi: -805
* (9, 32)
Nejlevnejsi: -259
* (5, 65)
Nejlevnejsi: -257
* (3, 66)
Nejlevnejsi: -818
* (7, 47)
Nejlevnejsi: -750
* (4, 2)
* (6, 2)
Nejlevnejsi: -10
* (0, 53)
* (0, 57)
* (0, 63)
* (0, 82)
* (0, 86)
* (1, 38)
* (1, 49)
* (1, 54)
* (1, 63)
* (2, 11)
* (2, 31)
* (2, 41)
* (2, 73)
* (2, 91)
* (2, 93)
* (2, 96)
* (3, 12)
* (3, 25)
* (3, 51)
* (3, 90)
* (4, 1)
* (4, 24)
* (4, 46)
* (4, 53)
* (4, 61)
* (4, 89)
* (5, 68)
* (5, 88)
* (6, 11)
* (6, 33)
* (6, 35)
* (6, 37)
* (6, 54)
* (6, 88)
* (6, 98)
* (7, 45)
* (8, 5)
* (8, 13)
* (8, 15)
* (8, 61)
* (8, 74)
* (9, 9)
* (9, 23)
* (9, 34)
* (9, 54)
* (9, 60)
* (9, 67)
* (9, 69)
* (9, 90)
* (10, 77)
* (11, 13)
* (11, 21)
* (11, 27)
* (11, 41)
* (11, 70)
* (12, 17)
* (12, 50)
* (12, 72)
* (12, 87)
* (13, 2)
* (13, 53)
* (13, 77)
* (13, 81)
* (13, 99)
* (14, 3)
* (14, 4)
* (14, 36)
* (14, 38)
* (14, 42)
* (14, 56)
* (14, 74)
* (14, 91)
* (14, 98)
* (15, 27)
* (15, 29)
* (15, 53)
* (16, 26)
* (16, 38)
* (16, 55)
* (16, 64)
* (16, 91)
* (17, 38)
* (17, 52)
* (17, 75)
* (17, 82)
* (17, 93)
* (18, 17)
* (18, 49)
* (18, 51)
* (18, 62)
* (18, 72)
* (19, 49)
* (19, 75)
* (19, 99)
* (20, 3)
* (20, 4)
* (20, 25)
* (20, 33)
* (20, 43)
* (20, 83)
* (21, 22)
* (21, 62)
* (21, 75)
* (21, 85)
* (21, 89)
* (22, 30)
* (22, 35)
* (22, 61)
* (22, 80)
* (22, 82)
* (23, 3)
* (23, 6)
* (23, 31)
* (23, 37)
* (23, 91)
* (24, 16)
* (24, 26)
* (24, 39)
* (24, 57)
* (24, 84)
* (24, 97)
* (25, 3)
* (25, 26)
* (25, 64)
* (25, 81)
* (25, 86)
* (26, 20)
* (26, 78)
* (26, 87)
* (27, 11)
* (27, 54)
* (27, 55)
* (27, 70)
* (27, 71)
* (27, 91)
* (28, 7)
* (28, 13)
* (28, 36)
* (28, 80)
* (28, 88)
* (29, 3)
* (29, 19)
* (29, 44)
* (29, 49)
* (29, 50)
* (29, 62)
* (30, 59)
* (31, 24)
* (31, 29)
* (32, 35)
* (32, 72)
* (32, 93)
* (33, 6)
* (33, 7)
* (33, 72)
* (33, 89)
* (34, 4)
* (34, 6)
* (34, 26)
* (34, 36)
* (34, 46)
* (34, 67)
* (35, 1)
* (35, 45)
* (35, 52)
* (35, 85)
* (36, 2)
* (36, 6)
* (36, 18)
* (36, 20)
* (36, 49)
* (36, 72)
* (36, 97)
* (37, 12)
* (37, 23)
* (37, 57)
* (37, 71)
* (37, 77)
* (37, 80)
* (37, 94)
* (38, 14)
* (38, 54)
* (38, 60)
* (39, 21)
* (39, 27)
* (39, 32)
* (39, 63)
* (40, 18)
* (40, 26)
* (40, 55)
* (40, 77)
* (40, 86)
* (40, 93)
* (41, 50)
* (41, 70)
* (41, 92)
* (42, 5)
* (42, 7)
* (42, 30)
* (42, 38)
* (42, 52)
* (42, 60)
* (42, 80)
* (42, 86)
* (42, 93)
* (43, 15)
* (43, 33)
* (43, 64)
* (44, 4)
* (44, 7)
* (44, 26)
* (44, 61)
* (44, 70)
* (44, 88)
* (44, 94)
* (45, 8)
* (45, 18)
* (45, 20)
* (45, 27)
* (45, 39)
* (45, 42)
* (45, 51)
* (45, 55)
* (45, 61)
* (45, 90)
* (45, 93)
* (46, 14)
* (46, 50)
* (46, 70)
* (47, 15)
* (47, 28)
* (47, 40)
* (47, 68)
* (47, 90)
* (48, 8)
* (48, 21)
* (48, 45)
* (49, 34)
* (49, 49)
* (49, 56)
* (49, 62)
* (49, 63)
* (49, 73)
* (49, 92)
* (50, 44)
* (50, 47)
* (50, 71)
* (50, 79)
* (51, 14)
* (51, 28)
* (51, 47)
* (51, 62)
* (51, 74)
* (51, 94)
* (52, 3)
* (52, 28)
* (52, 38)
* (52, 47)
* (52, 51)
* (52, 65)
* (52, 89)
* (53, 9)
* (53, 27)
* (53, 31)
* (53, 44)
* (53, 53)
* (53, 56)
* (53, 75)
* (53, 78)
* (54, 4)
* (54, 15)
* (54, 30)
* (54, 75)
* (54, 92)
* (54, 93)
* (55, 1)
* (55, 2)
* (55, 49)
* (55, 63)
* (55, 77)
* (55, 94)
* (55, 95)
* (56, 54)
* (56, 64)
* (56, 85)
* (57, 4)
* (57, 7)
* (57, 26)
* (57, 55)
* (57, 75)
* (58, 1)
* (58, 2)
* (58, 6)
* (58, 22)
* (58, 32)
* (58, 51)
* (59, 32)
* (59, 49)
* (59, 54)
* (59, 67)
* (60, 82)
* (60, 92)
* (60, 98)
* (61, 12)
* (61, 16)
* (61, 18)
* (61, 23)
* (61, 43)
* (62, 22)
* (62, 50)
* (62, 51)
* (62, 91)
* (63, 21)
* (63, 25)
* (63, 26)
* (63, 49)
* (64, 1)
* (64, 30)
* (64, 60)
* (64, 74)
* (64, 95)
* (64, 99)
* (65, 15)
* (65, 21)
* (65, 29)
* (65, 35)
* (65, 83)
* (65, 88)
* (66, 28)
* (66, 34)
* (66, 70)
* (66, 81)
* (67, 9)
* (67, 37)
* (67, 55)
* (67, 76)
* (67, 82)
* (67, 97)
* (68, 11)
* (68, 25)
* (68, 88)
* (69, 50)
* (69, 51)
* (69, 56)
* (69, 72)
* (70, 27)
* (70, 37)
* (70, 42)
* (70, 80)
* (70, 91)
* (71, 27)
* (71, 52)
* (71, 69)
* (71, 90)
* (72, 0)
* (72, 7)
* (72, 14)
* (72, 34)
* (73, 2)
* (73, 15)
* (73, 62)
* (73, 74)
* (74, 1)
* (74, 2)
* (74, 10)
* (74, 28)
* (74, 32)
* (74, 43)
* (74, 46)
* (74, 61)
* (74, 66)
* (74, 91)
* (74, 99)
* (75, 6)
* (75, 16)
* (75, 18)
* (75, 40)
* (75, 68)
* (75, 77)
* (76, 34)
* (76, 80)
* (77, 2)
* (77, 7)
* (77, 15)
* (77, 32)
* (77, 45)
* (77, 55)
* (77, 85)
* (78, 75)
* (78, 81)
* (78, 99)
* (79, 42)
* (79, 49)
* (79, 66)
* (79, 95)
* (80, 36)
* (80, 73)
* (80, 82)
* (80, 92)
* (81, 8)
* (81, 19)
* (81, 55)
* (81, 67)
* (81, 72)
* (82, 12)
* (82, 22)
* (82, 41)
* (82, 59)
* (82, 62)
* (82, 71)
* (83, 34)
* (83, 40)
* (83, 53)
* (83, 62)
* (83, 65)
* (83, 81)
* (84, 41)
* (84, 69)
* (84, 88)
* (85, 78)
* (85, 80)
* (86, 5)
* (86, 18)
* (86, 21)
* (86, 60)
* (86, 93)
* (87, 22)
* (87, 54)
* (87, 71)
* (87, 77)
* (88, 0)
* (88, 54)
* (88, 65)
* (88, 90)
* (89, 2)
* (89, 57)
* (89, 84)
* (89, 90)
* (90, 14)
* (90, 19)
* (90, 43)
* (91, 46)
* (91, 50)
* (91, 68)
* (91, 77)
* (92, 17)
* (92, 42)
* (92, 52)
* (92, 53)
* (92, 61)
* (92, 70)
* (92, 81)
* (92, 95)
* (93, 19)
* (93, 50)
* (93, 62)
* (93, 72)
* (93, 73)
* (94, 13)
* (94, 21)
* (94, 22)
* (94, 69)
* (94, 91)
* (94, 97)
* (95, 2)
* (95, 7)
* (95, 8)
* (95, 24)
* (95, 65)
* (95, 83)
* (96, 5)
* (96, 11)
* (96, 32)
* (96, 40)
* (96, 41)
* (96, 50)
* (96, 58)
* (96, 63)
* (96, 65)
* (97, 60)
* (97, 76)
* (97, 80)
* (98, 37)
* (98, 71)
* (98, 96)
* (99, 15)
* (99, 21)
* (99, 32)
* (99, 47)
* (99, 58)
* (99, 88)
Nejlevnejsi: -141
* (90, 68)
Nejlevnejsi: -397
* (14, 34)
Nejlevnejsi: -696
* (13, 45)
Nejlevnejsi: -545
* (40, 47)
Nejlevnejsi: -813
* (7, 46)
Nejlevnejsi: -818
* (7, 47)
Nejlevnejsi: -760
* (5, 48)
Nejlevnejsi: -360
* (3, 64)
Nejlevnejsi: -800
* (2, 1)
