Nejlevnejsi: -44
* (2, 3)
Nejlevnejsi: 4
* (0, 1)
Nejlevnejsi: 6
* (0, 1)
Nejlevnejsi: 42
* (1, 1)
Nejlevnejsi: -41
* (3, 2)
Nejlevnejsi: -40
* (1, 17)
Nejlevnejsi: -10
* (2, 18)
* (3, 1)
* (3, 3)
* (3, 5)
* (5, 3)
* (6, 3)
* (8, 5)
* (8, 18)
* (10, 17)
* (13, 10)
* (13, 16)
* (19, 15)
Nejlevnejsi: -33
* (0, 0)
Nejlevnejsi: 7
* (0, 1)
Nejlevnejsi: 32
* (0, 2)
Nejlevnejsi: -10
* (2, 18)
* (3, 1)
* (3, 3)
* (3, 5)
* (5, 3)
* (6, 3)
* (8, 5)
* (8, 18)
* (10, 17)
* (13, 10)
* (13, 16)
* (19, 15)
Nejlevnejsi: -33
* (0, 0)
Nejlevnejsi: 6
* (0, 1)
Nejlevnejsi: -58
* (0, 1)
Nejlevnejsi: 32
* (0, 2)
Nejlevnejsi: -51
* (2, 2)
Nejlevnejsi: -41
* (3, 2)
Nejlevnejsi: 4
* (0, 1)
Nejlevnejsi: 42
* (1, 1)
Nejlevnejsi: -41
* (3, 2)
