Nejlevnejsi: -769
* (3, 2)
Nejlevnejsi: -1601
* (79, 128)
Nejlevnejsi: -482
* (110, 130)
Nejlevnejsi: -1849
* (80, 100)
Nejlevnejsi: -1803
* (79, 90)
Nejlevnejsi: -1760
* (107, 118)
Nejlevnejsi: -68
* (202, 226)
Nejlevnejsi: -174
* (199, 225)
Nejlevnejsi: -769
* (3, 2)
Nejlevnejsi: -1434
* (11, 23)
Nejlevnejsi: -1208
* (110, 118)
Nejlevnejsi: -1353
* (92, 126)
Nejlevnejsi: -485
* (107, 138)
Nejlevnejsi: -518
* (106, 137)
Nejlevnejsi: -1455
* (12, 33)
Nejlevnejsi: -1491
* (11, 33)
Nejlevnejsi: -1843
* (14, 89)
Nejlevnejsi: -1662
* (75, 130)
Nejlevnejsi: -1794
* (79, 89)
* (79, 90)
Nejlevnejsi: -1572
* (15, 50)
Nejlevnejsi: -1662
* (75, 130)
Nejlevnejsi: -939
* (104, 125)
Nejlevnejsi: -1380
* (34, 66)
Nejlevnejsi: -1853
* (105, 118)
Nejlevnejsi: -427
* (111, 129)
* (111, 131)
Nejlevnejsi: -1297
* (11, 22)
Nejlevnejsi: -1319
* (2, 16)
Nejlevnejsi: -1539
* (1, 34)
Nejlevnejsi: -1343
* (87, 118)
Nejlevnejsi: -1982
* (79, 74)
Nejlevnejsi: -310
* (29, 19)
Nejlevnejsi: -1618
* (15, 48)
Nejlevnejsi: -836
* (92, 128)
Nejlevnejsi: -685
* (101, 133)
Nejlevnejsi: -1575
* (2, 32)
Nejlevnejsi: -1318
* (2, 34)
Nejlevnejsi: -1297
* (0, 10)
Nejlevnejsi: -1380
* (34, 66)
Nejlevnejsi: -2030
* (79, 121)
Nejlevnejsi: -771
* (105, 181)
Nejlevnejsi: -1345
* (26, 55)
Nejlevnejsi: -420
* (26, 14)
Nejlevnejsi: -801
* (2, 2)
Nejlevnejsi: -485
* (107, 138)
Nejlevnejsi: -2071
* (107, 118)
Nejlevnejsi: -1312
* (5, 17)
Nejlevnejsi: -1901
* (79, 97)
Nejlevnejsi: -1954
* (86, 130)
Nejlevnejsi: -1588
* (2, 34)
Nejlevnejsi: -916
* (101, 125)
* (110, 125)
