Nejlevnejsi: -2192
* (115, 206)
Nejlevnejsi: -3642
* (35, 65)
Nejlevnejsi: -2111
* (144, 224)
Nejlevnejsi: -3339
* (74, 9)
Nejlevnejsi: -3156
* (75, 80)
Nejlevnejsi: -2160
* (146, 238)
Nejlevnejsi: -3058
* (67, 79)
Nejlevnejsi: -1319
* (418, 363)
Nejlevnejsi: -1268
* (418, 365)
Nejlevnejsi: -3107
* (85, 95)
Nejlevnejsi: -3434
* (35, 69)
Nejlevnejsi: -3422
* (35, 68)
Nejlevnejsi: -1986
* (158, 249)
Nejlevnejsi: -1372
* (418, 361)
Nejlevnejsi: -2220
* (16, 1)
Nejlevnejsi: -2913
* (75, 22)
Nejlevnejsi: -2756
* (19, 1)
Nejlevnejsi: -3176
* (115, 95)
Nejlevnejsi: -3720
* (78, 8)
Nejlevnejsi: -3590
* (35, 66)
Nejlevnejsi: -3623
* (75, 1)
Nejlevnejsi: -3485
* (102, 17)
Nejlevnejsi: -2160
* (146, 238)
Nejlevnejsi: -277
* (359, 295)
Nejlevnejsi: -2973
* (75, 32)
